<?xml version="1.0" encoding="UTF-8"?>
<!-- Generated by org.testng.reporters.JUnitReportReporter -->
<testsuite hostname="LAPTOP-5F0AKJ4H" failures="0" tests="12" name="lambdatest.LambdaTest" time="733.529" errors="0" timestamp="26 Jul 2022 18:17:17 GMT" skipped="0">
  <testcase classname="lambdatest.LambdaTest" name="testScenarioOne" time="30.157"/>
  <testcase classname="lambdatest.LambdaTest" name="testScenarioOne" time="33.505"/>
  <testcase classname="lambdatest.LambdaTest" name="testScenarioOne" time="65.838"/>
  <testcase classname="lambdatest.LambdaTest" name="testScenarioOne" time="62.972"/>
  <testcase classname="lambdatest.LambdaTest" name="testScenarioTwo" time="34.398"/>
  <testcase classname="lambdatest.LambdaTest" name="testScenarioTwo" time="67.533"/>
  <testcase classname="lambdatest.LambdaTest" name="testScenarioTwo" time="97.126"/>
  <testcase classname="lambdatest.LambdaTest" name="testScenarioTwo" time="96.385"/>
  <testcase classname="lambdatest.LambdaTest" name="testScenarioThree" time="54.063"/>
  <testcase classname="lambdatest.LambdaTest" name="testScenarioThree" time="44.313"/>
  <testcase classname="lambdatest.LambdaTest" name="testScenarioThree" time="49.762"/>
  <testcase classname="lambdatest.LambdaTest" name="testScenarioThree" time="97.477"/>
</testsuite> <!-- lambdatest.LambdaTest -->
