<?xml version="1.0" encoding="UTF-8"?>
<!-- Generated by org.testng.reporters.JUnitReportReporter -->
<testsuite hostname="sakshinarkh-seleniumjav-pr0a2e0caas" failures="0" tests="12" name="lambdatest.LambdaTest" time="587.504" errors="0" timestamp="29 Jul 2022 18:55:04 GMT" skipped="0">
  <testcase classname="lambdatest.LambdaTest" name="testScenarioOne" time="39.586"/>
  <testcase classname="lambdatest.LambdaTest" name="testScenarioOne" time="97.810"/>
  <testcase classname="lambdatest.LambdaTest" name="testScenarioOne" time="30.526"/>
  <testcase classname="lambdatest.LambdaTest" name="testScenarioOne" time="28.361"/>
  <testcase classname="lambdatest.LambdaTest" name="testScenarioTwo" time="34.097"/>
  <testcase classname="lambdatest.LambdaTest" name="testScenarioTwo" time="29.666"/>
  <testcase classname="lambdatest.LambdaTest" name="testScenarioTwo" time="27.647"/>
  <testcase classname="lambdatest.LambdaTest" name="testScenarioTwo" time="25.574"/>
  <testcase classname="lambdatest.LambdaTest" name="testScenarioThree" time="72.461"/>
  <testcase classname="lambdatest.LambdaTest" name="testScenarioThree" time="29.118"/>
  <testcase classname="lambdatest.LambdaTest" name="testScenarioThree" time="54.375"/>
  <testcase classname="lambdatest.LambdaTest" name="testScenarioThree" time="118.283"/>
</testsuite> <!-- lambdatest.LambdaTest -->
