<?xml version="1.0" encoding="UTF-8"?>
<!-- Generated by org.testng.reporters.JUnitReportReporter -->
<testsuite hostname="sakshinarkh-seleniumjav-u931rbi50ok" failures="0" tests="12" name="lambdatest.LambdaTest" time="591.732" errors="0" timestamp="27 Jul 2022 09:19:35 GMT" skipped="0">
  <testcase classname="lambdatest.LambdaTest" name="testScenarioOne" time="126.262"/>
  <testcase classname="lambdatest.LambdaTest" name="testScenarioOne" time="29.742"/>
  <testcase classname="lambdatest.LambdaTest" name="testScenarioOne" time="28.353"/>
  <testcase classname="lambdatest.LambdaTest" name="testScenarioOne" time="31.066"/>
  <testcase classname="lambdatest.LambdaTest" name="testScenarioTwo" time="25.317"/>
  <testcase classname="lambdatest.LambdaTest" name="testScenarioTwo" time="119.611"/>
  <testcase classname="lambdatest.LambdaTest" name="testScenarioTwo" time="56.053"/>
  <testcase classname="lambdatest.LambdaTest" name="testScenarioTwo" time="33.629"/>
  <testcase classname="lambdatest.LambdaTest" name="testScenarioThree" time="34.340"/>
  <testcase classname="lambdatest.LambdaTest" name="testScenarioThree" time="38.264"/>
  <testcase classname="lambdatest.LambdaTest" name="testScenarioThree" time="36.291"/>
  <testcase classname="lambdatest.LambdaTest" name="testScenarioThree" time="32.804"/>
</testsuite> <!-- lambdatest.LambdaTest -->
