<?xml version="1.0" encoding="UTF-8"?>
<!-- Generated by org.testng.reporters.JUnitReportReporter -->
<testsuite hostname="sakshinarkh-seleniumjav-9ivzh66805q" failures="0" tests="12" name="lambdatest.LambdaTest" time="648.868" errors="0" timestamp="29 Jul 2022 18:48:59 GMT" skipped="0">
  <testcase classname="lambdatest.LambdaTest" name="testScenarioOne" time="91.056"/>
  <testcase classname="lambdatest.LambdaTest" name="testScenarioOne" time="33.238"/>
  <testcase classname="lambdatest.LambdaTest" name="testScenarioOne" time="37.187"/>
  <testcase classname="lambdatest.LambdaTest" name="testScenarioOne" time="62.673"/>
  <testcase classname="lambdatest.LambdaTest" name="testScenarioTwo" time="86.188"/>
  <testcase classname="lambdatest.LambdaTest" name="testScenarioTwo" time="66.185"/>
  <testcase classname="lambdatest.LambdaTest" name="testScenarioTwo" time="53.285"/>
  <testcase classname="lambdatest.LambdaTest" name="testScenarioTwo" time="24.814"/>
  <testcase classname="lambdatest.LambdaTest" name="testScenarioThree" time="33.689"/>
  <testcase classname="lambdatest.LambdaTest" name="testScenarioThree" time="32.870"/>
  <testcase classname="lambdatest.LambdaTest" name="testScenarioThree" time="96.645"/>
  <testcase classname="lambdatest.LambdaTest" name="testScenarioThree" time="31.038"/>
</testsuite> <!-- lambdatest.LambdaTest -->
